<?xml version="1.0" encoding="UTF-8"?>
<testsuite xmlns:xsi="http://www.w3.org/2001/XMLSchema-instance" xsi:noNamespaceSchemaLocation="https://maven.apache.org/surefire/maven-surefire-plugin/xsd/surefire-test-report.xsd" name="org.example.pitestdemo.MainTest" time="0.035" tests="3" errors="0" skipped="0" failures="0">
  <properties>
[...]
</properties>
  <testcase name="test_shouldThrowException" classname="org.example.pitestdemo.MainTest" time="0.02"/>
  <testcase name="test_shouldReturnSumOfEvenNumbers" classname="org.example.pitestdemo.MainTest" time="0.002"/>
  <testcase name="test_sumShouldBeZeroIfNoEvenNumberFound" classname="org.example.pitestdemo.MainTest" time="0"/>
</testsuite>